15:17:30.883 [background-preinit] INFO  o.h.validator.internal.util.Version - HV000001: Hibernate Validator 5.2.4.Final
15:17:35.524 [main] INFO  com.payment.PltxApplication - Starting PltxApplication on coombedeMac-mini.local with PID 4231 (/Users/xuyufengyy/ideaWorkspace/payment/target/classes started by xuyufengyy in /Users/xuyufengyy/ideaWorkspace/payment)
15:17:35.524 [main] INFO  com.payment.PltxApplication - No active profile set, falling back to default profiles: default
15:17:35.579 [main] INFO  o.s.b.c.e.AnnotationConfigEmbeddedWebApplicationContext - Refreshing org.springframework.boot.context.embedded.AnnotationConfigEmbeddedWebApplicationContext@29a5f4e7: startup date [Wed Feb 08 15:17:35 CST 2017]; root of context hierarchy
15:17:37.196 [main] INFO  o.s.c.s.PostProcessorRegistrationDelegate$BeanPostProcessorChecker - Bean 'org.springframework.transaction.annotation.ProxyTransactionManagementConfiguration' of type [class org.springframework.transaction.annotation.ProxyTransactionManagementConfiguration$$EnhancerBySpringCGLIB$$d95acd46] is not eligible for getting processed by all BeanPostProcessors (for example: not eligible for auto-proxying)
15:17:37.840 [main] INFO  o.s.b.c.e.t.TomcatEmbeddedServletContainer - Tomcat initialized with port(s): 8083 (http)
15:17:37.859 [main] INFO  o.a.catalina.core.StandardService - Starting service Tomcat
15:17:37.861 [main] INFO  o.a.catalina.core.StandardEngine - Starting Servlet Engine: Apache Tomcat/8.0.33
15:17:37.992 [localhost-startStop-1] INFO  o.a.c.c.C.[Tomcat].[localhost].[/] - Initializing Spring embedded WebApplicationContext
15:17:37.992 [localhost-startStop-1] INFO  o.s.web.context.ContextLoader - Root WebApplicationContext: initialization completed in 2414 ms
15:17:38.446 [localhost-startStop-1] INFO  o.s.b.c.e.ServletRegistrationBean - Mapping servlet: 'dispatcherServlet' to [/]
15:17:38.452 [localhost-startStop-1] INFO  o.s.b.c.e.FilterRegistrationBean - Mapping filter: 'characterEncodingFilter' to: [/*]
15:17:38.452 [localhost-startStop-1] INFO  o.s.b.c.e.FilterRegistrationBean - Mapping filter: 'hiddenHttpMethodFilter' to: [/*]
15:17:38.453 [localhost-startStop-1] INFO  o.s.b.c.e.FilterRegistrationBean - Mapping filter: 'httpPutFormContentFilter' to: [/*]
15:17:38.453 [localhost-startStop-1] INFO  o.s.b.c.e.FilterRegistrationBean - Mapping filter: 'requestContextFilter' to: [/*]
15:17:38.539 [main] INFO  com.zaxxer.hikari.HikariDataSource - HikariPool-1 - Started.
15:17:39.475 [main] INFO  o.s.o.j.LocalContainerEntityManagerFactoryBean - Building JPA container EntityManagerFactory for persistence unit 'default'
15:17:39.498 [main] INFO  o.h.jpa.internal.util.LogHelper - HHH000204: Processing PersistenceUnitInfo [
	name: default
	...]
15:17:39.611 [main] INFO  org.hibernate.Version - HHH000412: Hibernate Core {4.3.11.Final}
15:17:39.613 [main] INFO  org.hibernate.cfg.Environment - HHH000206: hibernate.properties not found
15:17:39.615 [main] INFO  org.hibernate.cfg.Environment - HHH000021: Bytecode provider name : javassist
15:17:40.099 [main] INFO  o.h.annotations.common.Version - HCANN000001: Hibernate Commons Annotations {4.0.5.Final}
15:17:40.230 [main] INFO  org.hibernate.dialect.Dialect - HHH000400: Using dialect: org.hibernate.dialect.MySQL5Dialect
15:17:40.587 [main] INFO  o.h.h.i.a.ASTQueryTranslatorFactory - HHH000397: Using ASTQueryTranslatorFactory
15:17:41.095 [main] INFO  o.h.tool.hbm2ddl.SchemaUpdate - HHH000228: Running hbm2ddl schema update
15:17:41.096 [main] INFO  o.h.tool.hbm2ddl.SchemaUpdate - HHH000102: Fetching database metadata
15:17:41.126 [main] INFO  o.h.tool.hbm2ddl.SchemaUpdate - HHH000396: Updating schema
15:17:41.300 [main] INFO  o.h.tool.hbm2ddl.TableMetadata - HHH000261: Table found: pltx-pub-develop.ex_pay_callback_log
15:17:41.300 [main] INFO  o.h.tool.hbm2ddl.TableMetadata - HHH000037: Columns: [order_number, id, state, create_date, modify_date, parameters, pay_product]
15:17:41.300 [main] INFO  o.h.tool.hbm2ddl.TableMetadata - HHH000108: Foreign keys: []
15:17:41.300 [main] INFO  o.h.tool.hbm2ddl.TableMetadata - HHH000126: Indexes: [primary]
15:17:41.470 [main] INFO  o.h.tool.hbm2ddl.TableMetadata - HHH000261: Table found: pltx-pub-develop.ex_pay_log
15:17:41.470 [main] INFO  o.h.tool.hbm2ddl.TableMetadata - HHH000037: Columns: [pay_callback_url, pay_note, order_number, pay_amount, pay_parameter, pay_channel, id, state, create_date, modify_date, pay_product]
15:17:41.470 [main] INFO  o.h.tool.hbm2ddl.TableMetadata - HHH000108: Foreign keys: []
15:17:41.470 [main] INFO  o.h.tool.hbm2ddl.TableMetadata - HHH000126: Indexes: [primary]
15:17:41.606 [main] INFO  o.h.tool.hbm2ddl.TableMetadata - HHH000261: Table found: pltx-pub-develop.ex_pay_result_log
15:17:41.606 [main] INFO  o.h.tool.hbm2ddl.TableMetadata - HHH000037: Columns: [pay_note, order_number, pay_amount, pay_parameter, is_success, type, pay_product, error_description, pay_channel, error_code, id, state, create_date, modify_date]
15:17:41.607 [main] INFO  o.h.tool.hbm2ddl.TableMetadata - HHH000108: Foreign keys: []
15:17:41.607 [main] INFO  o.h.tool.hbm2ddl.TableMetadata - HHH000126: Indexes: [primary]
15:17:41.608 [main] INFO  o.h.tool.hbm2ddl.SchemaUpdate - HHH000232: Schema update complete
15:17:42.716 [main] INFO  o.s.w.s.m.m.a.RequestMappingHandlerAdapter - Looking for @ControllerAdvice: org.springframework.boot.context.embedded.AnnotationConfigEmbeddedWebApplicationContext@29a5f4e7: startup date [Wed Feb 08 15:17:35 CST 2017]; root of context hierarchy
15:17:42.829 [main] INFO  o.s.w.s.m.m.a.RequestMappingHandlerMapping - Mapped "{[/v1/payment/generate_pay_url],methods=[GET]}" onto public java.lang.String com.payment.controller.PaymentController.generatePayUrl(java.lang.String,java.lang.String,java.lang.String,org.springframework.ui.Model)
15:17:42.831 [main] INFO  o.s.w.s.m.m.a.RequestMappingHandlerMapping - Mapped "{[/v1/payment/notify_callback],methods=[GET]}" onto public java.lang.String com.payment.controller.PaymentController.notifyCallback(javax.servlet.http.HttpServletRequest,org.springframework.ui.Model)
15:17:42.831 [main] INFO  o.s.w.s.m.m.a.RequestMappingHandlerMapping - Mapped "{[/v1/payment/ret_callback],methods=[POST]}" onto public java.lang.String com.payment.controller.PaymentController.retCallback(javax.servlet.http.HttpServletRequest,org.springframework.ui.Model)
15:17:42.833 [main] INFO  o.s.w.s.m.m.a.RequestMappingHandlerMapping - Mapped "{[/error]}" onto public org.springframework.http.ResponseEntity<java.util.Map<java.lang.String, java.lang.Object>> org.springframework.boot.autoconfigure.web.BasicErrorController.error(javax.servlet.http.HttpServletRequest)
15:17:42.834 [main] INFO  o.s.w.s.m.m.a.RequestMappingHandlerMapping - Mapped "{[/error],produces=[text/html]}" onto public org.springframework.web.servlet.ModelAndView org.springframework.boot.autoconfigure.web.BasicErrorController.errorHtml(javax.servlet.http.HttpServletRequest,javax.servlet.http.HttpServletResponse)
15:17:42.875 [main] INFO  o.s.w.s.h.SimpleUrlHandlerMapping - Mapped URL path [/webjars/**] onto handler of type [class org.springframework.web.servlet.resource.ResourceHttpRequestHandler]
15:17:42.876 [main] INFO  o.s.w.s.h.SimpleUrlHandlerMapping - Mapped URL path [/**] onto handler of type [class org.springframework.web.servlet.resource.ResourceHttpRequestHandler]
15:17:42.934 [main] INFO  o.s.w.s.h.SimpleUrlHandlerMapping - Mapped URL path [/**/favicon.ico] onto handler of type [class org.springframework.web.servlet.resource.ResourceHttpRequestHandler]
15:17:43.520 [main] INFO  o.s.w.s.v.f.FreeMarkerConfigurer - ClassTemplateLoader for Spring macros added to FreeMarker configuration
15:17:43.879 [main] INFO  o.s.j.e.a.AnnotationMBeanExporter - Registering beans for JMX exposure on startup
15:17:43.882 [main] INFO  o.s.j.e.a.AnnotationMBeanExporter - Bean with name 'primaryDataSource' has been autodetected for JMX exposure
15:17:43.898 [main] INFO  o.s.j.e.a.AnnotationMBeanExporter - Located MBean 'primaryDataSource': registering with JMX server as MBean [com.zaxxer.hikari:name=primaryDataSource,type=HikariDataSource]
15:17:43.974 [main] INFO  o.a.coyote.http11.Http11NioProtocol - Initializing ProtocolHandler ["http-nio-8083"]
15:17:43.996 [main] INFO  o.a.coyote.http11.Http11NioProtocol - Starting ProtocolHandler ["http-nio-8083"]
15:17:44.033 [main] INFO  o.a.tomcat.util.net.NioSelectorPool - Using a shared selector for servlet write/read
15:17:44.078 [main] INFO  o.s.b.c.e.t.TomcatEmbeddedServletContainer - Tomcat started on port(s): 8083 (http)
15:17:44.087 [main] INFO  com.payment.PltxApplication - Started PltxApplication in 28.902 seconds (JVM running for 34.901)
16:39:18.008 [Thread-2] INFO  o.s.b.c.e.AnnotationConfigEmbeddedWebApplicationContext - Closing org.springframework.boot.context.embedded.AnnotationConfigEmbeddedWebApplicationContext@29a5f4e7: startup date [Wed Feb 08 15:17:35 CST 2017]; root of context hierarchy
16:39:18.028 [Thread-2] INFO  o.s.j.e.a.AnnotationMBeanExporter - Unregistering JMX-exposed beans on shutdown
16:39:18.029 [Thread-2] INFO  o.s.j.e.a.AnnotationMBeanExporter - Unregistering JMX-exposed beans
16:39:18.035 [Thread-2] INFO  o.s.o.j.LocalContainerEntityManagerFactoryBean - Closing JPA EntityManagerFactory for persistence unit 'default'
16:39:18.036 [Thread-2] INFO  com.zaxxer.hikari.pool.HikariPool - HikariPool-1 - Close initiated...
16:39:18.044 [Thread-2] INFO  com.zaxxer.hikari.pool.HikariPool - HikariPool-1 - Closed.
